#
# There is insufficient memory for the Java Runtime Environment to continue.
# Native memory allocation (malloc) failed to allocate 753856 bytes for Chunk::new
# Possible reasons:
#   The system is out of physical RAM or swap space
#   In 32 bit mode, the process size limit was hit
# Possible solutions:
#   Reduce memory load on the system
#   Increase physical memory or swap space
#   Check if swap backing store is full
#   Use 64 bit Java on a 64 bit OS
#   Decrease Java heap size (-Xmx/-Xms)
#   Decrease number of Java threads
#   Decrease Java thread stack sizes (-Xss)
#   Set larger code cache with -XX:ReservedCodeCacheSize=
# This output file may be truncated or incomplete.
#
#  Out of Memory Error (allocation.cpp:390), pid=6768, tid=0x00000000000004b8
#
# JRE version: Java(TM) SE Runtime Environment (8.0_171-b11) (build 1.8.0_171-b11)
# Java VM: Java HotSpot(TM) 64-Bit Server VM (25.171-b11 mixed mode windows-amd64 compressed oops)
# Failed to write core dump. Minidumps are not enabled by default on client versions of Windows
#

---------------  T H R E A D  ---------------

Current thread (0x00000000151f9000):  JavaThread "C2 CompilerThread0" daemon [_thread_in_native, id=1208, stack(0x00000000158c0000,0x00000000159c0000)]

Stack: [0x00000000158c0000,0x00000000159c0000]
[error occurred during error reporting (printing stack bounds), id 0xc0000005]

Native frames: (J=compiled Java code, j=interpreted, Vv=VM code, C=native code)


Current CompileTask:
C2:   3053 2542   !   4       java.net.URL::<init> (543 bytes)


---------------  P R O C E S S  ---------------

Java Threads: ( => current thread )
  0x0000000015293800 JavaThread "Service Thread" daemon [_thread_blocked, id=6360, stack(0x0000000015bc0000,0x0000000015cc0000)]
  0x00000000151ff000 JavaThread "C1 CompilerThread2" daemon [_thread_blocked, id=80, stack(0x0000000015ac0000,0x0000000015bc0000)]
  0x00000000151fd000 JavaThread "C2 CompilerThread1" daemon [_thread_in_native, id=8052, stack(0x00000000159c0000,0x0000000015ac0000)]
=>0x00000000151f9000 JavaThread "C2 CompilerThread0" daemon [_thread_in_native, id=1208, stack(0x00000000158c0000,0x00000000159c0000)]
  0x00000000151ed800 JavaThread "Monitor Ctrl-Break" daemon [_thread_in_native, id=2956, stack(0x00000000157c0000,0x00000000158c0000)]
  0x0000000013e1e000 JavaThread "Attach Listener" daemon [_thread_blocked, id=6496, stack(0x00000000156c0000,0x00000000157c0000)]
  0x00000000151c8800 JavaThread "Signal Dispatcher" daemon [_thread_blocked, id=4440, stack(0x00000000155c0000,0x00000000156c0000)]
  0x0000000013dfa800 JavaThread "Finalizer" daemon [_thread_blocked, id=8400, stack(0x0000000015060000,0x0000000015160000)]
  0x0000000002a92000 JavaThread "Reference Handler" daemon [_thread_blocked, id=6588, stack(0x0000000014f60000,0x0000000015060000)]
  0x00000000029a3000 JavaThread "main" [_thread_in_vm, id=5000, stack(0x0000000002750000,0x0000000002850000)]

Other Threads:
  0x0000000013dd9000 VMThread [stack: 0x0000000014e60000,0x0000000014f60000] [id=4544]
  0x000000001529a800 WatcherThread [stack: 0x0000000015cc0000,0x0000000015dc0000] [id=6648]

VM state:not at safepoint (normal execution)

VM Mutex/Monitor currently owned by a thread: None

Heap:
 PSYoungGen      total 71680K, used 22485K [0x00000000f5580000, 0x00000000fa080000, 0x0000000100000000)
  eden space 66560K, 26% used [0x00000000f5580000,0x00000000f667b6b0,0x00000000f9680000)
  from space 5120K, 99% used [0x00000000f9b80000,0x00000000fa07a040,0x00000000fa080000)
  to   space 5120K, 0% used [0x00000000f9680000,0x00000000f9680000,0x00000000f9b80000)
 ParOldGen       total 87552K, used 6728K [0x00000000e0000000, 0x00000000e5580000, 0x00000000f5580000)
  object space 87552K, 7% used [0x00000000e0000000,0x00000000e0692328,0x00000000e5580000)
 Metaspace       used 16590K, capacity 16928K, committed 17280K, reserved 1064960K
  class space    used 2005K, capacity 2112K, committed 2176K, reserved 1048576K

Card table byte_map: [0x0000000011e60000,0x0000000011f70000] byte_map_base: 0x0000000011760000

Marking Bits: (ParMarkBitMap*) 0x000000006ae908c0
 Begin Bits: [0x0000000012370000, 0x0000000012b70000)
 End Bits:   [0x0000000012b70000, 0x0000000013370000)

Polling page: 0x0000000000bd0000

CodeCache: size=245760Kb used=7845Kb max_used=7857Kb free=237914Kb
 bounds [0x0000000002aa0000, 0x0000000003260000, 0x0000000011aa0000]
 total_blobs=2939 nmethods=2567 adapters=283
 compilation: enabled

Compilation events (10 events):
Event: 3.026 Thread 0x00000000151ff000 2581       3       java.util.ArrayList::set (20 bytes)
Event: 3.026 Thread 0x00000000151ff000 nmethod 2581 0x0000000003248710 code [0x00000000032488a0, 0x0000000003248dd8]
Event: 3.026 Thread 0x00000000151ff000 2582       3       com.google.common.collect.ImmutableSet::asList (23 bytes)
Event: 3.026 Thread 0x00000000151ff000 nmethod 2582 0x0000000003248250 code [0x00000000032483c0, 0x0000000003248668]
Event: 3.028 Thread 0x00000000151ff000 2584   !   3       java.util.jar.Attributes::read (380 bytes)
Event: 3.028 Thread 0x00000000151fd000 nmethod 2571 0x000000000324f890 code [0x000000000324fa20, 0x000000000324ff78]
Event: 3.028 Thread 0x00000000151fd000 2583       4       java.util.TimSort::binarySort (223 bytes)
Event: 3.030 Thread 0x00000000151ff000 nmethod 2584 0x0000000003250290 code [0x00000000032506e0, 0x0000000003252c88]
Event: 3.034 Thread 0x00000000151fd000 nmethod 2583 0x000000000324d850 code [0x000000000324d9c0, 0x000000000324df78]
Event: 3.034 Thread 0x00000000151fd000 2580 %     4       java.io.WinNTFileSystem::normalize @ 61 (231 bytes)

GC Heap History (8 events):
Event: 0.949 GC heap before
{Heap before GC invocations=1 (full 0):
 PSYoungGen      total 38400K, used 33280K [0x00000000f5580000, 0x00000000f8000000, 0x0000000100000000)
  eden space 33280K, 100% used [0x00000000f5580000,0x00000000f7600000,0x00000000f7600000)
  from space 5120K, 0% used [0x00000000f7b00000,0x00000000f7b00000,0x00000000f8000000)
  to   space 5120K, 0% used [0x00000000f7600000,0x00000000f7600000,0x00000000f7b00000)
 ParOldGen       total 87552K, used 0K [0x00000000e0000000, 0x00000000e5580000, 0x00000000f5580000)
  object space 87552K, 0% used [0x00000000e0000000,0x00000000e0000000,0x00000000e5580000)
 Metaspace       used 8899K, capacity 9128K, committed 9344K, reserved 1056768K
  class space    used 1081K, capacity 1148K, committed 1152K, reserved 1048576K
Event: 0.954 GC heap after
Heap after GC invocations=1 (full 0):
 PSYoungGen      total 38400K, used 5100K [0x00000000f5580000, 0x00000000f8000000, 0x0000000100000000)
  eden space 33280K, 0% used [0x00000000f5580000,0x00000000f5580000,0x00000000f7600000)
  from space 5120K, 99% used [0x00000000f7600000,0x00000000f7afb1d8,0x00000000f7b00000)
  to   space 5120K, 0% used [0x00000000f7b00000,0x00000000f7b00000,0x00000000f8000000)
 ParOldGen       total 87552K, used 248K [0x00000000e0000000, 0x00000000e5580000, 0x00000000f5580000)
  object space 87552K, 0% used [0x00000000e0000000,0x00000000e003e2d8,0x00000000e5580000)
 Metaspace       used 8899K, capacity 9128K, committed 9344K, reserved 1056768K
  class space    used 1081K, capacity 1148K, committed 1152K, reserved 1048576K
}
Event: 1.353 GC heap before
{Heap before GC invocations=2 (full 0):
 PSYoungGen      total 38400K, used 38380K [0x00000000f5580000, 0x00000000f8000000, 0x0000000100000000)
  eden space 33280K, 100% used [0x00000000f5580000,0x00000000f7600000,0x00000000f7600000)
  from space 5120K, 99% used [0x00000000f7600000,0x00000000f7afb1d8,0x00000000f7b00000)
  to   space 5120K, 0% used [0x00000000f7b00000,0x00000000f7b00000,0x00000000f8000000)
 ParOldGen       total 87552K, used 248K [0x00000000e0000000, 0x00000000e5580000, 0x00000000f5580000)
  object space 87552K, 0% used [0x00000000e0000000,0x00000000e003e2d8,0x00000000e5580000)
 Metaspace       used 11943K, capacity 12170K, committed 12416K, reserved 1060864K
  class space    used 1470K, capacity 1543K, committed 1664K, reserved 1048576K
Event: 1.360 GC heap after
Heap after GC invocations=2 (full 0):
 PSYoungGen      total 38400K, used 5113K [0x00000000f5580000, 0x00000000f8000000, 0x0000000100000000)
  eden space 33280K, 0% used [0x00000000f5580000,0x00000000f5580000,0x00000000f7600000)
  from space 5120K, 99% used [0x00000000f7b00000,0x00000000f7ffe590,0x00000000f8000000)
  to   space 5120K, 0% used [0x00000000f7600000,0x00000000f7600000,0x00000000f7b00000)
 ParOldGen       total 87552K, used 1716K [0x00000000e0000000, 0x00000000e5580000, 0x00000000f5580000)
  object space 87552K, 1% used [0x00000000e0000000,0x00000000e01ad320,0x00000000e5580000)
 Metaspace       used 11943K, capacity 12170K, committed 12416K, reserved 1060864K
  class space    used 1470K, capacity 1543K, committed 1664K, reserved 1048576K
}
Event: 2.039 GC heap before
{Heap before GC invocations=3 (full 0):
 PSYoungGen      total 38400K, used 38393K [0x00000000f5580000, 0x00000000f8000000, 0x0000000100000000)
  eden space 33280K, 100% used [0x00000000f5580000,0x00000000f7600000,0x00000000f7600000)
  from space 5120K, 99% used [0x00000000f7b00000,0x00000000f7ffe590,0x00000000f8000000)
  to   space 5120K, 0% used [0x00000000f7600000,0x00000000f7600000,0x00000000f7b00000)
 ParOldGen       total 87552K, used 1716K [0x00000000e0000000, 0x00000000e5580000, 0x00000000f5580000)
  object space 87552K, 1% used [0x00000000e0000000,0x00000000e01ad320,0x00000000e5580000)
 Metaspace       used 15528K, capacity 15778K, committed 16128K, reserved 1062912K
  class space    used 1911K, capacity 2005K, committed 2048K, reserved 1048576K
Event: 2.049 GC heap after
Heap after GC invocations=3 (full 0):
 PSYoungGen      total 38400K, used 5096K [0x00000000f5580000, 0x00000000fa080000, 0x0000000100000000)
  eden space 33280K, 0% used [0x00000000f5580000,0x00000000f5580000,0x00000000f7600000)
  from space 5120K, 99% used [0x00000000f7600000,0x00000000f7afa020,0x00000000f7b00000)
  to   space 5120K, 0% used [0x00000000f9b80000,0x00000000f9b80000,0x00000000fa080000)
 ParOldGen       total 87552K, used 4520K [0x00000000e0000000, 0x00000000e5580000, 0x00000000f5580000)
  object space 87552K, 5% used [0x00000000e0000000,0x00000000e046a3f8,0x00000000e5580000)
 Metaspace       used 15528K, capacity 15778K, committed 16128K, reserved 1062912K
  class space    used 1911K, capacity 2005K, committed 2048K, reserved 1048576K
}
Event: 2.760 GC heap before
{Heap before GC invocations=4 (full 0):
 PSYoungGen      total 38400K, used 38376K [0x00000000f5580000, 0x00000000fa080000, 0x0000000100000000)
  eden space 33280K, 100% used [0x00000000f5580000,0x00000000f7600000,0x00000000f7600000)
  from space 5120K, 99% used [0x00000000f7600000,0x00000000f7afa020,0x00000000f7b00000)
  to   space 5120K, 0% used [0x00000000f9b80000,0x00000000f9b80000,0x00000000fa080000)
 ParOldGen       total 87552K, used 4520K [0x00000000e0000000, 0x00000000e5580000, 0x00000000f5580000)
  object space 87552K, 5% used [0x00000000e0000000,0x00000000e046a3f8,0x00000000e5580000)
 Metaspace       used 16072K, capacity 16404K, committed 16640K, reserved 1064960K
  class space    used 1945K, capacity 2040K, committed 2048K, reserved 1048576K
Event: 2.772 GC heap after
Heap after GC invocations=4 (full 0):
 PSYoungGen      total 71680K, used 5096K [0x00000000f5580000, 0x00000000fa080000, 0x0000000100000000)
  eden space 66560K, 0% used [0x00000000f5580000,0x00000000f5580000,0x00000000f9680000)
  from space 5120K, 99% used [0x00000000f9b80000,0x00000000fa07a040,0x00000000fa080000)
  to   space 5120K, 0% used [0x00000000f9680000,0x00000000f9680000,0x00000000f9b80000)
 ParOldGen       total 87552K, used 6728K [0x00000000e0000000, 0x00000000e5580000, 0x00000000f5580000)
  object space 87552K, 7% used [0x00000000e0000000,0x00000000e0692328,0x00000000e5580000)
 Metaspace       used 16072K, capacity 16404K, committed 16640K, reserved 1064960K
  class space    used 1945K, capacity 2040K, committed 2048K, reserved 1048576K
}

Deoptimization events (10 events):
Event: 2.538 Thread 0x00000000029a3000 Uncommon trap: reason=class_check action=maybe_recompile pc=0x0000000002dea290 method=java.nio.charset.CharsetDecoder.decode(Ljava/nio/ByteBuffer;Ljava/nio/CharBuffer;Z)Ljava/nio/charset/CoderResult; @ 57
Event: 2.538 Thread 0x00000000029a3000 Uncommon trap: reason=class_check action=maybe_recompile pc=0x0000000002dea290 method=java.nio.charset.CharsetDecoder.decode(Ljava/nio/ByteBuffer;Ljava/nio/CharBuffer;Z)Ljava/nio/charset/CoderResult; @ 57
Event: 2.672 Thread 0x00000000029a3000 Uncommon trap: reason=null_check action=make_not_entrant pc=0x0000000003134edc method=org.apache.maven.model.io.xpp3.MavenXpp3Reader.checkFieldWithDuplicate(Lorg/codehaus/plexus/util/xml/pull/XmlPullParser;Ljava/lang/String;Ljava/lang/String;Ljava/util/Se
Event: 2.953 Thread 0x00000000029a3000 Uncommon trap: reason=unstable_if action=reinterpret pc=0x000000000321e1a0 method=java.util.jar.Manifest$FastInputStream.readLine([BII)I @ 87
Event: 2.998 Thread 0x00000000029a3000 Uncommon trap: reason=unstable_if action=reinterpret pc=0x000000000310171c method=java.util.LinkedHashMap.afterNodeInsertion(Z)V @ 18
Event: 3.026 Thread 0x00000000029a3000 Uncommon trap: reason=predicate action=maybe_recompile pc=0x000000000324c408 method=java.util.TimSort.binarySort([Ljava/lang/Object;IIILjava/util/Comparator;)V @ 37
Event: 3.035 Thread 0x00000000029a3000 Uncommon trap: reason=array_check action=maybe_recompile pc=0x000000000324de94 method=java.util.TimSort.binarySort([Ljava/lang/Object;IIILjava/util/Comparator;)V @ 183
Event: 3.036 Thread 0x00000000029a3000 Uncommon trap: reason=array_check action=maybe_recompile pc=0x000000000324dd08 method=java.util.TimSort.binarySort([Ljava/lang/Object;IIILjava/util/Comparator;)V @ 215
Event: 3.036 Thread 0x00000000029a3000 Uncommon trap: reason=array_check action=maybe_recompile pc=0x000000000324de94 method=java.util.TimSort.binarySort([Ljava/lang/Object;IIILjava/util/Comparator;)V @ 183
Event: 3.036 Thread 0x00000000029a3000 Uncommon trap: reason=array_check action=maybe_recompile pc=0x000000000324dd08 method=java.util.TimSort.binarySort([Ljava/lang/Object;IIILjava/util/Comparator;)V @ 215

Classes redefined (0 events):
No events

Internal exceptions (10 events):
Event: 1.598 Thread 0x00000000029a3000 Exception <a 'java/lang/NoClassDefFoundError': com/google/inject/servlet/ServletModuleTargetVisitor> (0x00000000f63f7138) thrown at [C:\re\workspace\8-2-build-windows-amd64-cygwin\jdk8u171\10807\hotspot\src\share\vm\classfile\systemDictionary.cpp, line 19
Event: 1.598 Thread 0x00000000029a3000 Exception <a 'java/lang/NoClassDefFoundError'> (0x00000000f63f7138) thrown at [C:\re\workspace\8-2-build-windows-amd64-cygwin\jdk8u171\10807\hotspot\src\share\vm\prims\jvm.cpp, line 1439]
Event: 1.599 Thread 0x00000000029a3000 Exception <a 'java/lang/NoClassDefFoundError': javax/annotation/Priority> (0x00000000f63fbca8) thrown at [C:\re\workspace\8-2-build-windows-amd64-cygwin\jdk8u171\10807\hotspot\src\share\vm\classfile\systemDictionary.cpp, line 199]
Event: 1.704 Thread 0x00000000029a3000 Implicit null exception at 0x0000000002c7b6db to 0x0000000002c7b885
Event: 1.869 Thread 0x00000000029a3000 Implicit null exception at 0x0000000002d25697 to 0x0000000002d25a81
Event: 1.869 Thread 0x00000000029a3000 Implicit null exception at 0x0000000002cd0856 to 0x0000000002cd0bed
Event: 2.091 Thread 0x00000000029a3000 Implicit null exception at 0x0000000002e73815 to 0x0000000002e739e5
Event: 2.091 Thread 0x00000000029a3000 Implicit null exception at 0x0000000002d0f92f to 0x0000000002d0f999
Event: 2.092 Thread 0x00000000029a3000 Implicit null exception at 0x0000000002e4265b to 0x0000000002e42ac5
Event: 2.672 Thread 0x00000000029a3000 Implicit null exception at 0x0000000003134c77 to 0x0000000003134ec1

Events (10 events):
Event: 3.050 loading class org/apache/catalina/startup/Tomcat
Event: 3.050 loading class org/apache/catalina/startup/Tomcat done
Event: 3.051 loading class org/apache/tomcat/maven/plugin/tomcat7/run/ExtendedTomcat
Event: 3.051 loading class org/apache/tomcat/maven/plugin/tomcat7/run/ExtendedTomcat done
Event: 3.051 loading class org/apache/tomcat/maven/plugin/tomcat7/run/ExtendedTomcat
Event: 3.051 loading class org/apache/tomcat/maven/plugin/tomcat7/run/ExtendedTomcat done
Event: 3.052 loading class org/apache/catalina/Realm
Event: 3.052 loading class org/apache/catalina/Realm done
Event: 3.052 loading class org/apache/catalina/Realm
Event: 3.052 loading class org/apache/catalina/Realm done


Dynamic libraries:
0x00007ff7325e0000 - 0x00007ff732617000 	C:\Program Files\Java\jdk1.8.0_171\bin\java.exe
0x00007ff81cd70000 - 0x00007ff81cf31000 	C:\Windows\SYSTEM32\ntdll.dll
0x00007ff81a7b0000 - 0x00007ff81a85d000 	C:\Windows\system32\KERNEL32.DLL
0x00007ff81a210000 - 0x00007ff81a3ed000 	C:\Windows\system32\KERNELBASE.dll
0x00007ff81ca20000 - 0x00007ff81cac6000 	C:\Windows\system32\ADVAPI32.dll
0x00007ff81a590000 - 0x00007ff81a62d000 	C:\Windows\system32\msvcrt.dll
0x00007ff81aa00000 - 0x00007ff81aa5b000 	C:\Windows\system32\sechost.dll
0x00007ff81cb90000 - 0x00007ff81ccb6000 	C:\Windows\system32\RPCRT4.dll
0x00007ff81a440000 - 0x00007ff81a58e000 	C:\Windows\system32\USER32.dll
0x00007ff81acd0000 - 0x00007ff81ae56000 	C:\Windows\system32\GDI32.dll
0x00007ff814fe0000 - 0x00007ff815254000 	C:\Windows\WinSxS\amd64_microsoft.windows.common-controls_6595b64144ccf1df_6.0.10240.16384_none_f41f7b285750ef43\COMCTL32.dll
0x00007ff81abc0000 - 0x00007ff81abf6000 	C:\Windows\system32\IMM32.DLL
0x00007ff81aa60000 - 0x00007ff81abbc000 	C:\Windows\system32\MSCTF.dll
0x000000006af10000 - 0x000000006afe2000 	C:\Program Files\Java\jdk1.8.0_171\jre\bin\msvcr100.dll
0x000000006a670000 - 0x000000006af10000 	C:\Program Files\Java\jdk1.8.0_171\jre\bin\server\jvm.dll
0x00007ff81ca10000 - 0x00007ff81ca18000 	C:\Windows\system32\PSAPI.DLL
0x00007ff80f250000 - 0x00007ff80f259000 	C:\Windows\SYSTEM32\WSOCK32.dll
0x00007ff817a20000 - 0x00007ff817a43000 	C:\Windows\SYSTEM32\WINMM.dll
0x00007ff815fe0000 - 0x00007ff815fea000 	C:\Windows\SYSTEM32\VERSION.dll
0x00007ff81ac00000 - 0x00007ff81ac69000 	C:\Windows\system32\WS2_32.dll
0x00007ff81b290000 - 0x00007ff81b298000 	C:\Windows\system32\NSI.dll
0x0000000000b70000 - 0x0000000000b9c000 	C:\Windows\SYSTEM32\WINMMBASE.dll
0x00007ff81a3f0000 - 0x00007ff81a434000 	C:\Windows\system32\cfgmgr32.dll
0x00007ff8180e0000 - 0x00007ff818107000 	C:\Windows\SYSTEM32\DEVOBJ.dll
0x000000006c110000 - 0x000000006c11f000 	C:\Program Files\Java\jdk1.8.0_171\jre\bin\verify.dll
0x000000006c0e0000 - 0x000000006c109000 	C:\Program Files\Java\jdk1.8.0_171\jre\bin\java.dll
0x000000006a640000 - 0x000000006a663000 	C:\Program Files\Java\jdk1.8.0_171\jre\bin\instrument.dll
0x000000006a620000 - 0x000000006a636000 	C:\Program Files\Java\jdk1.8.0_171\jre\bin\zip.dll
0x00007ff81b310000 - 0x00007ff81c832000 	C:\Windows\system32\SHELL32.dll
0x00007ff819be0000 - 0x00007ff81a208000 	C:\Windows\system32\windows.storage.dll
0x00007ff81ae60000 - 0x00007ff81b0dc000 	C:\Windows\system32\combase.dll
0x00007ff81a8c0000 - 0x00007ff81a911000 	C:\Windows\system32\shlwapi.dll
0x00007ff8197c0000 - 0x00007ff8197cf000 	C:\Windows\system32\kernel.appcore.dll
0x00007ff819ac0000 - 0x00007ff819b73000 	C:\Windows\system32\shcore.dll
0x00007ff8197f0000 - 0x00007ff81983a000 	C:\Windows\system32\powrprof.dll
0x00007ff8197d0000 - 0x00007ff8197e3000 	C:\Windows\system32\profapi.dll
0x00007ff80b1b0000 - 0x00007ff80b1ca000 	D:\IntelliJ IDEA 2018.2.3\bin\breakgen64.dll
0x000000006a600000 - 0x000000006a61a000 	C:\Program Files\Java\jdk1.8.0_171\jre\bin\net.dll
0x00007ff818fe0000 - 0x00007ff81903d000 	C:\Windows\system32\mswsock.dll
0x00007ff819040000 - 0x00007ff819057000 	C:\Windows\SYSTEM32\CRYPTSP.dll
0x00007ff8192b0000 - 0x00007ff8192d8000 	C:\Windows\SYSTEM32\bcrypt.dll
0x00007ff818c90000 - 0x00007ff818cc3000 	C:\Windows\system32\rsaenh.dll
0x00007ff818d80000 - 0x00007ff818d9f000 	C:\Windows\SYSTEM32\USERENV.dll
0x00007ff8195d0000 - 0x00007ff81963b000 	C:\Windows\system32\bcryptprimitives.dll
0x00007ff8191b0000 - 0x00007ff8191bb000 	C:\Windows\SYSTEM32\CRYPTBASE.dll
0x00007ff815a10000 - 0x00007ff815a48000 	C:\Windows\SYSTEM32\IPHLPAPI.DLL
0x00007ff815c00000 - 0x00007ff815c0b000 	C:\Windows\SYSTEM32\WINNSI.DLL
0x00007ff813e80000 - 0x00007ff813e96000 	C:\Windows\SYSTEM32\dhcpcsvc6.DLL
0x00007ff814010000 - 0x00007ff81402a000 	C:\Windows\SYSTEM32\dhcpcsvc.DLL
0x000000006a5e0000 - 0x000000006a5f1000 	C:\Program Files\Java\jdk1.8.0_171\jre\bin\nio.dll
0x00007ff80e660000 - 0x00007ff80e66a000 	C:\Users\Administrator\AppData\Local\Temp\jansi-1.17.1-9082539114989176663.dll
0x00007ff80d840000 - 0x00007ff80d84a000 	C:\Users\Administrator\AppData\Local\Temp\jansi-1.17.1-8826311038625523695.dll

VM Arguments:
jvm_args: -Dmaven.multiModuleProjectDirectory=D:\新建文件夹 -Xms128m -Xmx512m -Duser.language=zh -Dfile.encoding=UTF-8 -Dmaven.home=C:\Program Files\Java\Maven\apache-maven-3.5.4 -Dclassworlds.conf=C:\Program Files\Java\Maven\apache-maven-3.5.4\bin\m2.conf -javaagent:D:\IntelliJ IDEA 2018.2.3\lib\idea_rt.jar=54334:D:\IntelliJ IDEA 2018.2.3\bin 
java_command: org.codehaus.classworlds.Launcher -Didea.version=2018.2.3 tomcat7:run
java_class_path (initial): C:\Program Files\Java\Maven\apache-maven-3.5.4\boot\plexus-classworlds-2.5.2.jar;D:\IntelliJ IDEA 2018.2.3\lib\idea_rt.jar
Launcher Type: SUN_STANDARD

Environment Variables:
JAVA_HOME=C:\Program Files\Java\jdk1.8.0_171
CLASSPATH=.;C:\Program Files\Java\jdk1.8.0_171\lib;C:\Program Files\Java\jdk1.8.0_171\lib\tools.jar
PATH=C:\Oracle\product\11.2.0\dbhome_1\bin;C:\Program Files (x86)\Common Files\Oracle\Java\javapath;C:\Windows\system32;C:\Windows;C:\Windows\System32\Wbem;C:\Windows\System32\WindowsPowerShell\v1.0\;C:\Program Files\Java\jdk1.8.0_171\bin;C:\Program Files\Java\jdk1.8.0_171\jre\bin;C:\Program Files\Java\Maven\apache-maven-3.5.4\bin; %MAVEN_HOME%\bin;C:\Program Files\Git\cmd;C:\Program Files\MySQL\MySQL Server 5.6\bin;C:\Program Files\Apache Tomcat\apache-tomcat-7.0.90\bin;C:\Program Files\TortoiseGit\bin
USERNAME=Administrator
OS=Windows_NT
PROCESSOR_IDENTIFIER=Intel64 Family 6 Model 78 Stepping 3, GenuineIntel



---------------  S Y S T E M  ---------------

OS: Windows 10.0 , 64 bit Build 10240 (10.0.10240.16384)

CPU:total 4 (initial active 4) (2 cores per cpu, 2 threads per core) family 6 model 78 stepping 3, cmov, cx8, fxsr, mmx, sse, sse2, sse3, ssse3, sse4.1, sse4.2, popcnt, avx, avx2, aes, clmul, erms, 3dnowpref, lzcnt, ht, tsc, tscinvbit, bmi1, bmi2, adx

Memory: 4k page, physical 4097952k(739684k free), swap 6590536k(5608k free)

vm_info: Java HotSpot(TM) 64-Bit Server VM (25.171-b11) for windows-amd64 JRE (1.8.0_171-b11), built on Mar 28 2018 16:06:12 by "java_re" with MS VC++ 10.0 (VS2010)

time: Wed Sep 19 16:28:48 2018
elapsed time: 3 seconds (0d 0h 0m 3s)

